{"numTotalTestSuites":21,"numPassedTestSuites":21,"numFailedTestSuites":0,"numPendingTestSuites":0,"numTotalTests":27,"numPassedTests":27,"numFailedTests":0,"numPendingTests":0,"numTodoTests":0,"snapshot":{"added":0,"failure":false,"filesAdded":0,"filesRemoved":0,"filesRemovedList":[],"filesUnmatched":0,"filesUpdated":0,"matched":0,"total":0,"unchecked":0,"uncheckedKeysByFile":[],"unmatched":0,"updated":0,"didUpdate":false},"startTime":1777016435501,"success":true,"testResults":[{"assertionResults":[{"ancestorTitles":["ConfirmationDialog Component"],"fullName":"ConfirmationDialog Component renders trigger correctly","status":"passed","title":"renders trigger correctly","duration":51.86413400000015,"failureMessages":[],"meta":{},"tags":[]},{"ancestorTitles":["ConfirmationDialog Component"],"fullName":"ConfirmationDialog Component renders dialog content when trigger is clicked","status":"passed","title":"renders dialog content when trigger is clicked","duration":250.21471300000007,"failureMessages":[],"meta":{},"tags":[]},{"ancestorTitles":["ConfirmationDialog Component"],"fullName":"ConfirmationDialog Component calls onConfirm when confirm button is clicked","status":"passed","title":"calls onConfirm when confirm button is clicked","duration":92.96169199999986,"failureMessages":[],"meta":{},"tags":[]}],"startTime":1777016455233,"endTime":1777016455627.9617,"status":"passed","message":"","name":"/home/cdmoper/cad-resource-center/__tests__/components/ConfirmationDialog.test.tsx"},{"assertionResults":[{"ancestorTitles":["useFolderContents"],"fullName":"useFolderContents should set isLoading to false after successfully fetching data","status":"passed","title":"should set isLoading to false after successfully fetching data","duration":75.43152799999984,"failureMessages":[],"meta":{},"tags":[]},{"ancestorTitles":["useFolderContents"],"fullName":"useFolderContents should handle API errors and stop loading","status":"passed","title":"should handle API errors and stop loading","duration":58.993424000000005,"failureMessages":[],"meta":{},"tags":[]},{"ancestorTitles":["useFolderContents"],"fullName":"useFolderContents should not fetch if folderId is NaN","status":"passed","title":"should not fetch if folderId is NaN","duration":4.784564000000046,"failureMessages":[],"meta":{},"tags":[]}],"startTime":1777016455176,"endTime":1777016455315.7847,"status":"passed","message":"","name":"/home/cdmoper/cad-resource-center/__tests__/hooks/useFolderContents.test.ts"},{"assertionResults":[{"ancestorTitles":["Proxy Download API"],"fullName":"Proxy Download API returns 401 Unauthorized if no session","status":"passed","title":"returns 401 Unauthorized if no session","duration":8.536383999999998,"failureMessages":[],"meta":{},"tags":[]},{"ancestorTitles":["Proxy Download API"],"fullName":"Proxy Download API returns 500 if API_URL is missing","status":"passed","title":"returns 500 if API_URL is missing","duration":2.6511669999999867,"failureMessages":[],"meta":{},"tags":[]},{"ancestorTitles":["Proxy Download API"],"fullName":"Proxy Download API proxies the request and returns 200 with stream","status":"passed","title":"proxies the request and returns 200 with stream","duration":5.236462999999958,"failureMessages":[],"meta":{},"tags":[]},{"ancestorTitles":["Proxy Download API"],"fullName":"Proxy Download API returns backend error status if fetch is not ok","status":"passed","title":"returns backend error status if fetch is not ok","duration":1.3552259999999023,"failureMessages":[],"meta":{},"tags":[]}],"startTime":1777016455040,"endTime":1777016455057.3552,"status":"passed","message":"","name":"/home/cdmoper/cad-resource-center/__tests__/api/proxy-download.test.ts"},{"assertionResults":[{"ancestorTitles":["backendApi","getDashboardStats"],"fullName":"backendApi getDashboardStats returns data when successful","status":"passed","title":"returns data when successful","duration":6.281827000000021,"failureMessages":[],"meta":{},"tags":[]},{"ancestorTitles":["backendApi","getDashboardStats"],"fullName":"backendApi getDashboardStats returns null if response is not ok","status":"passed","title":"returns null if response is not ok","duration":0.8244819999999891,"failureMessages":[],"meta":{},"tags":[]},{"ancestorTitles":["backendApi","getDashboardStats"],"fullName":"backendApi getDashboardStats returns null if API_URL is undefined","status":"passed","title":"returns null if API_URL is undefined","duration":0.9996140000000651,"failureMessages":[],"meta":{},"tags":[]},{"ancestorTitles":["backendApi","getDashboardStats"],"fullName":"backendApi getDashboardStats returns null and catches error if fetchApi throws","status":"passed","title":"returns null and catches error if fetchApi throws","duration":1.271592999999939,"failureMessages":[],"meta":{},"tags":[]}],"startTime":1777016455062,"endTime":1777016455071.2715,"status":"passed","message":"","name":"/home/cdmoper/cad-resource-center/__tests__/services/backend-api.test.ts"},{"assertionResults":[{"ancestorTitles":["Announcement Actions","getAnnouncements"],"fullName":"Announcement Actions getAnnouncements returns an array of announcements when successful","status":"passed","title":"returns an array of announcements when successful","duration":6.53316000000018,"failureMessages":[],"meta":{},"tags":[]},{"ancestorTitles":["Announcement Actions","createAnnouncement"],"fullName":"Announcement Actions createAnnouncement returns error if title is missing","status":"passed","title":"returns error if title is missing","duration":2.138787999999977,"failureMessages":[],"meta":{},"tags":[]},{"ancestorTitles":["Announcement Actions","createAnnouncement"],"fullName":"Announcement Actions createAnnouncement submits correctly and returns success","status":"passed","title":"submits correctly and returns success","duration":1.2996480000001611,"failureMessages":[],"meta":{},"tags":[]},{"ancestorTitles":["Announcement Actions","updateAnnouncementStatus"],"fullName":"Announcement Actions updateAnnouncementStatus updates status and returns correct success message for published","status":"passed","title":"updates status and returns correct success message for published","duration":2.03445899999997,"failureMessages":[],"meta":{},"tags":[]}],"startTime":1777016455140,"endTime":1777016455152.0344,"status":"passed","message":"","name":"/home/cdmoper/cad-resource-center/__tests__/actions/announcement-actions.test.ts"},{"assertionResults":[{"ancestorTitles":["Folder Actions","createFolder"],"fullName":"Folder Actions createFolder should return error if name is missing","status":"passed","title":"should return error if name is missing","duration":9.167205999999851,"failureMessages":[],"meta":{},"tags":[]},{"ancestorTitles":["Folder Actions","createFolder"],"fullName":"Folder Actions createFolder should return error if abbr is missing","status":"passed","title":"should return error if abbr is missing","duration":2.008491999999933,"failureMessages":[],"meta":{},"tags":[]},{"ancestorTitles":["Folder Actions","createFolder"],"fullName":"Folder Actions createFolder should return error if abbr contains invalid characters","status":"passed","title":"should return error if abbr contains invalid characters","duration":1.6460560000000442,"failureMessages":[],"meta":{},"tags":[]},{"ancestorTitles":["Folder Actions","createFolder"],"fullName":"Folder Actions createFolder should return error if folder name is duplicate","status":"passed","title":"should return error if folder name is duplicate","duration":1.9945020000000113,"failureMessages":[],"meta":{},"tags":[]},{"ancestorTitles":["Folder Actions","createFolder"],"fullName":"Folder Actions createFolder should call apiCreateFolder and return success when valid","status":"passed","title":"should call apiCreateFolder and return success when valid","duration":4.452383999999938,"failureMessages":[],"meta":{},"tags":[]}],"startTime":1777016455070,"endTime":1777016455089.4524,"status":"passed","message":"","name":"/home/cdmoper/cad-resource-center/__tests__/actions/folder-actions.test.ts"},{"assertionResults":[{"ancestorTitles":["User Actions","getUsers"],"fullName":"User Actions getUsers returns an array of users when successful","status":"passed","title":"returns an array of users when successful","duration":7.160694000000149,"failureMessages":[],"meta":{},"tags":[]},{"ancestorTitles":["User Actions","getUsers"],"fullName":"User Actions getUsers returns empty array when API fails","status":"passed","title":"returns empty array when API fails","duration":1.9544230000001335,"failureMessages":[],"meta":{},"tags":[]},{"ancestorTitles":["User Actions","updateUser"],"fullName":"User Actions updateUser returns success: true when update is successful","status":"passed","title":"returns success: true when update is successful","duration":1.5916909999998552,"failureMessages":[],"meta":{},"tags":[]},{"ancestorTitles":["User Actions","updateUser"],"fullName":"User Actions updateUser returns success: false with message when update fails","status":"passed","title":"returns success: false with message when update fails","duration":1.055623000000196,"failureMessages":[],"meta":{},"tags":[]}],"startTime":1777016455142,"endTime":1777016455154.0557,"status":"passed","message":"","name":"/home/cdmoper/cad-resource-center/__tests__/actions/user-actions.test.ts"}]}